#
# There is insufficient memory for the Java Runtime Environment to continue.
# Native memory allocation (malloc) failed to allocate 1048576 bytes. Error detail: AllocateHeap
# Possible reasons:
#   The system is out of physical RAM or swap space
#   This process is running with CompressedOops enabled, and the Java Heap may be blocking the growth of the native heap
# Possible solutions:
#   Reduce memory load on the system
#   Increase physical memory or swap space
#   Check if swap backing store is full
#   Decrease Java heap size (-Xmx/-Xms)
#   Decrease number of Java threads
#   Decrease Java thread stack sizes (-Xss)
#   Set larger code cache with -XX:ReservedCodeCacheSize=
#   JVM is running with Unscaled Compressed Oops mode in which the Java heap is
#     placed in the first 4GB address space. The Java Heap base address is the
#     maximum limit for the native heap growth. Please use -XX:HeapBaseMinAddress
#     to set the Java Heap base and to place the Java Heap above 4GB virtual address.
# This output file may be truncated or incomplete.
#
#  Out of Memory Error (allocation.cpp:44), pid=22320, tid=20656
#
# JRE version: OpenJDK Runtime Environment Temurin-21.0.10+7 (21.0.10+7) (build 21.0.10+7-LTS)
# Java VM: OpenJDK 64-Bit Server VM Temurin-21.0.10+7 (21.0.10+7-LTS, mixed mode, sharing, tiered, compressed oops, compressed class ptrs, parallel gc, windows-amd64)
# No core dump will be written. Minidumps are not enabled by default on client versions of Windows
#

---------------  S U M M A R Y ------------

Command Line: --add-modules=ALL-SYSTEM --add-opens=java.base/java.util=ALL-UNNAMED --add-opens=java.base/java.lang=ALL-UNNAMED --add-opens=java.base/sun.nio.fs=ALL-UNNAMED -Declipse.application=org.eclipse.jdt.ls.core.id1 -Dosgi.bundles.defaultStartLevel=4 -Declipse.product=org.eclipse.jdt.ls.core.product -Djava.import.generatesMetadataFilesAtProjectRoot=false -DDetectVMInstallationsJob.disabled=true -Dfile.encoding=utf8 -XX:+UseParallelGC -XX:GCTimeRatio=4 -XX:AdaptiveSizePolicyWeight=90 -Dsun.zip.disableMemoryMapping=true -Xmx2G -Xms100m -Xlog:disable -javaagent:c:\Users\Admin\.cursor\extensions\redhat.java-1.54.0-win32-x64\lombok\lombok-1.18.39-4050.jar -XX:+HeapDumpOnOutOfMemoryError -XX:HeapDumpPath=c:\Users\Admin\AppData\Roaming\Cursor\User\workspaceStorage\f3a11aece43b4f2e0ed419000b91abed\redhat.java -Daether.dependencyCollector.impl=bf c:\Users\Admin\.cursor\extensions\redhat.java-1.54.0-win32-x64\server\plugins\org.eclipse.equinox.launcher_1.7.100.v20251111-0406.jar -configuration c:\Users\Admin\AppData\Roaming\Cursor\User\globalStorage\redhat.java\1.54.0\config_win -data c:\Users\Admin\AppData\Roaming\Cursor\User\workspaceStorage\f3a11aece43b4f2e0ed419000b91abed\redhat.java\jdt_ws --pipe=\\.\pipe\lsp-b5f8a7a8f9540e1506387ebd5c4db74c-sock

Host: 11th Gen Intel(R) Core(TM) i5-11400H @ 2.70GHz, 12 cores, 31G,  Windows 11 , 64 bit Build 22621 (10.0.22621.5415)
Time: Thu Jun  4 16:51:29 2026 SE Asia Standard Time elapsed time: 4757.051572 seconds (0d 1h 19m 17s)

---------------  T H R E A D  ---------------

Current thread (0x000002a6660de3a0):  JavaThread "Attach Listener" daemon [_thread_in_vm, id=20656, stack(0x000000bc25a00000,0x000000bc25b00000) (1024K)]

Stack: [0x000000bc25a00000,0x000000bc25b00000]
Native frames: (J=compiled Java code, j=interpreted, Vv=VM code, C=native code)
V  [jvm.dll+0x6d7a39]
V  [jvm.dll+0x8b4b26]
V  [jvm.dll+0x8b70de]
V  [jvm.dll+0x8b77c3]
V  [jvm.dll+0x284346]
V  [jvm.dll+0xc1277]
V  [jvm.dll+0x6d82e9]
V  [jvm.dll+0x1334a6]
V  [jvm.dll+0x3f857e]
V  [jvm.dll+0x85f59d]
V  [jvm.dll+0x6d626d]
C  [ucrtbase.dll+0x29333]
C  [KERNEL32.DLL+0x1259d]
C  [ntdll.dll+0x5af78]


---------------  P R O C E S S  ---------------

Threads class SMR info:
_java_thread_list=0x000002a64768dc30, length=38, elements={
0x000002a666135e00, 0x000002a6660d9510, 0x000002a6660dac70, 0x000002a6660dd300,
0x000002a6660de3a0, 0x000002a6661d5ff0, 0x000002a6661d6a50, 0x000002a6661d98a0,
0x000002a67de829c0, 0x000002a67dfcfa50, 0x000002a67e17e1b0, 0x000002a67f42cd70,
0x000002a67f4301f0, 0x000002a67f42f4d0, 0x000002a67f42e120, 0x000002a67f42da90,
0x000002a67f42e7b0, 0x000002a67f42ee40, 0x000002a67f42fb60, 0x000002a645aa0c90,
0x000002a645a9ebc0, 0x000002a645a9f250, 0x000002a645a9dea0, 0x000002a645aa2d60,
0x000002a645aa3a80, 0x000002a645aa0600, 0x000002a645a9f8e0, 0x000002a645a9d180,
0x000002a645aa1320, 0x000002a645aa19b0, 0x000002a645aa2040, 0x000002a645aa33f0,
0x000002a645aa26d0, 0x000002a645a9d810, 0x000002a67f5c7430, 0x000002a67f5ca220,
0x000002a67f5c8150, 0x000002a64680b370
}

Java Threads: ( => current thread )
  0x000002a666135e00 JavaThread "main"                              [_thread_blocked, id=41120, stack(0x000000bc25300000,0x000000bc25400000) (1024K)]
  0x000002a6660d9510 JavaThread "Reference Handler"          daemon [_thread_blocked, id=36768, stack(0x000000bc25700000,0x000000bc25800000) (1024K)]
  0x000002a6660dac70 JavaThread "Finalizer"                  daemon [_thread_blocked, id=31780, stack(0x000000bc25800000,0x000000bc25900000) (1024K)]
  0x000002a6660dd300 JavaThread "Signal Dispatcher"          daemon [_thread_blocked, id=6904, stack(0x000000bc25900000,0x000000bc25a00000) (1024K)]
=>0x000002a6660de3a0 JavaThread "Attach Listener"            daemon [_thread_in_vm, id=20656, stack(0x000000bc25a00000,0x000000bc25b00000) (1024K)]
  0x000002a6661d5ff0 JavaThread "Service Thread"             daemon [_thread_blocked, id=34168, stack(0x000000bc25b00000,0x000000bc25c00000) (1024K)]
  0x000002a6661d6a50 JavaThread "Monitor Deflation Thread"   daemon [_thread_blocked, id=32252, stack(0x000000bc25c00000,0x000000bc25d00000) (1024K)]
  0x000002a6661d98a0 JavaThread "C2 CompilerThread0"         daemon [_thread_blocked, id=39184, stack(0x000000bc25d00000,0x000000bc25e00000) (1024K)]
  0x000002a67de829c0 JavaThread "C1 CompilerThread0"         daemon [_thread_blocked, id=3660, stack(0x000000bc25e00000,0x000000bc25f00000) (1024K)]
  0x000002a67dfcfa50 JavaThread "Common-Cleaner"             daemon [_thread_blocked, id=26812, stack(0x000000bc25f00000,0x000000bc26000000) (1024K)]
  0x000002a67e17e1b0 JavaThread "Notification Thread"        daemon [_thread_blocked, id=38196, stack(0x000000bc26100000,0x000000bc26200000) (1024K)]
  0x000002a67f42cd70 JavaThread "Active Thread: Equinox Container: 6bc0496b-0759-4e7c-9025-5e1d56cff988"        [_thread_blocked, id=38972, stack(0x000000bc26900000,0x000000bc26a00000) (1024K)]
  0x000002a67f4301f0 JavaThread "Refresh Thread: Equinox Container: 6bc0496b-0759-4e7c-9025-5e1d56cff988" daemon [_thread_blocked, id=20004, stack(0x000000bc26b00000,0x000000bc26c00000) (1024K)]
  0x000002a67f42f4d0 JavaThread "Framework Event Dispatcher: Equinox Container: 6bc0496b-0759-4e7c-9025-5e1d56cff988" daemon [_thread_blocked, id=5932, stack(0x000000bc26c00000,0x000000bc26d00000) (1024K)]
  0x000002a67f42e120 JavaThread "Start Level: Equinox Container: 6bc0496b-0759-4e7c-9025-5e1d56cff988" daemon [_thread_blocked, id=41424, stack(0x000000bc26d00000,0x000000bc26e00000) (1024K)]
  0x000002a67f42da90 JavaThread "Bundle File Closer"         daemon [_thread_blocked, id=40912, stack(0x000000bc27000000,0x000000bc27100000) (1024K)]
  0x000002a67f42e7b0 JavaThread "SCR Component Actor"        daemon [_thread_blocked, id=34448, stack(0x000000bc26000000,0x000000bc26100000) (1024K)]
  0x000002a67f42ee40 JavaThread "Worker-JM"                         [_thread_blocked, id=6000, stack(0x000000bc27200000,0x000000bc27300000) (1024K)]
  0x000002a67f42fb60 JavaThread "JNA Cleaner"                daemon [_thread_blocked, id=41752, stack(0x000000bc27300000,0x000000bc27400000) (1024K)]
  0x000002a645aa0c90 JavaThread "Java indexing"              daemon [_thread_blocked, id=37284, stack(0x000000bc27600000,0x000000bc27700000) (1024K)]
  0x000002a645a9ebc0 JavaThread "Thread-1"                   daemon [_thread_in_native, id=37648, stack(0x000000bc27b00000,0x000000bc27c00000) (1024K)]
  0x000002a645a9f250 JavaThread "Thread-2"                   daemon [_thread_in_native, id=13276, stack(0x000000bc27c00000,0x000000bc27d00000) (1024K)]
  0x000002a645a9dea0 JavaThread "Thread-3"                   daemon [_thread_in_native, id=37060, stack(0x000000bc27d00000,0x000000bc27e00000) (1024K)]
  0x000002a645aa2d60 JavaThread "Thread-4"                   daemon [_thread_in_native, id=26984, stack(0x000000bc27e00000,0x000000bc27f00000) (1024K)]
  0x000002a645aa3a80 JavaThread "Thread-5"                   daemon [_thread_in_native, id=7600, stack(0x000000bc27f00000,0x000000bc28000000) (1024K)]
  0x000002a645aa0600 JavaThread "Thread-6"                   daemon [_thread_in_native, id=32288, stack(0x000000bc28000000,0x000000bc28100000) (1024K)]
  0x000002a645a9f8e0 JavaThread "Thread-7"                   daemon [_thread_in_native, id=2604, stack(0x000000bc28100000,0x000000bc28200000) (1024K)]
  0x000002a645a9d180 JavaThread "Thread-8"                   daemon [_thread_in_native, id=41844, stack(0x000000bc28200000,0x000000bc28300000) (1024K)]
  0x000002a645aa1320 JavaThread "Thread-9"                   daemon [_thread_in_native, id=18936, stack(0x000000bc28300000,0x000000bc28400000) (1024K)]
  0x000002a645aa19b0 JavaThread "Thread-10"                  daemon [_thread_in_native, id=17688, stack(0x000000bc28400000,0x000000bc28500000) (1024K)]
  0x000002a645aa2040 JavaThread "Thread-11"                  daemon [_thread_in_native, id=37164, stack(0x000000bc28500000,0x000000bc28600000) (1024K)]
  0x000002a645aa33f0 JavaThread "Thread-12"                  daemon [_thread_in_native, id=24492, stack(0x000000bc28600000,0x000000bc28700000) (1024K)]
  0x000002a645aa26d0 JavaThread "Thread-13"                  daemon [_thread_in_native, id=38284, stack(0x000000bc28700000,0x000000bc28800000) (1024K)]
  0x000002a645a9d810 JavaThread "pool-2-thread-1"                   [_thread_blocked, id=23804, stack(0x000000bc28800000,0x000000bc28900000) (1024K)]
  0x000002a67f5c7430 JavaThread "WorkspaceEventsHandler"            [_thread_blocked, id=34432, stack(0x000000bc28900000,0x000000bc28a00000) (1024K)]
  0x000002a67f5ca220 JavaThread "pool-1-thread-1"                   [_thread_blocked, id=28956, stack(0x000000bc28a00000,0x000000bc28b00000) (1024K)]
  0x000002a67f5c8150 JavaThread "Worker-18"                         [_thread_blocked, id=24612, stack(0x000000bc25100000,0x000000bc25200000) (1024K)]
  0x000002a64680b370 JavaThread "Worker-22"                         [_thread_blocked, id=7972, stack(0x000000bc28d00000,0x000000bc28e00000) (1024K)]
Total: 38

Other Threads:
  0x000002a67de30d70 VMThread "VM Thread"                           [id=32188, stack(0x000000bc25600000,0x000000bc25700000) (1024K)]
  0x000002a66619f5d0 WatcherThread "VM Periodic Task Thread"        [id=34112, stack(0x000000bc25500000,0x000000bc25600000) (1024K)]
  0x000002a666153110 WorkerThread "GC Thread#0"                     [id=12884, stack(0x000000bc25400000,0x000000bc25500000) (1024K)]
  0x000002a6451980a0 WorkerThread "GC Thread#1"                     [id=34356, stack(0x000000bc26300000,0x000000bc26400000) (1024K)]
  0x000002a67f2ab600 WorkerThread "GC Thread#2"                     [id=40936, stack(0x000000bc26400000,0x000000bc26500000) (1024K)]
  0x000002a67f2ab9b0 WorkerThread "GC Thread#3"                     [id=35984, stack(0x000000bc26500000,0x000000bc26600000) (1024K)]
  0x000002a67f389d60 WorkerThread "GC Thread#4"                     [id=38996, stack(0x000000bc26600000,0x000000bc26700000) (1024K)]
  0x000002a67f38a110 WorkerThread "GC Thread#5"                     [id=13200, stack(0x000000bc26700000,0x000000bc26800000) (1024K)]
  0x000002a67f38a4c0 WorkerThread "GC Thread#6"                     [id=2348, stack(0x000000bc26800000,0x000000bc26900000) (1024K)]
  0x000002a67f45c7e0 WorkerThread "GC Thread#7"                     [id=40324, stack(0x000000bc26a00000,0x000000bc26b00000) (1024K)]
  0x000002a6455e56a0 WorkerThread "GC Thread#8"                     [id=39524, stack(0x000000bc26e00000,0x000000bc26f00000) (1024K)]
  0x000002a6455e5a50 WorkerThread "GC Thread#9"                     [id=34044, stack(0x000000bc26f00000,0x000000bc27000000) (1024K)]
Total: 12

Threads with active compile tasks:
Total: 0

VM state: not at safepoint (normal execution)

VM Mutex/Monitor currently owned by a thread: None

Heap address: 0x0000000080000000, size: 2048 MB, Compressed Oops mode: 32-bit

CDS archive(s) mapped at: [0x000002a600000000-0x000002a600ba0000-0x000002a600ba0000), size 12189696, SharedBaseAddress: 0x000002a600000000, ArchiveRelocationMode: 1.
Compressed class space mapped at: 0x000002a601000000-0x000002a641000000, reserved size: 1073741824
Narrow klass base: 0x000002a600000000, Narrow klass shift: 0, Narrow klass range: 0x100000000

GC Precious Log:
 CardTable entry size: 512
 CPUs: 12 total, 12 available
 Memory: 32547M
 Large Page Support: Disabled
 NUMA Support: Disabled
 Compressed Oops: Enabled (32-bit)
 Alignments: Space 512K, Generation 512K, Heap 2M
 Heap Min Capacity: 100M
 Heap Initial Capacity: 100M
 Heap Max Capacity: 2G
 Pre-touch: Disabled
 Parallel Workers: 10

Heap:
 PSYoungGen      total 5632K, used 1364K [0x00000000d5580000, 0x00000000d5d80000, 0x0000000100000000)
  eden space 5120K, 21% used [0x00000000d5580000,0x00000000d5690d30,0x00000000d5a80000)
  from space 512K, 53% used [0x00000000d5d00000,0x00000000d5d44540,0x00000000d5d80000)
  to   space 1024K, 0% used [0x00000000d5b80000,0x00000000d5b80000,0x00000000d5c80000)
 ParOldGen       total 1296896K, used 1296656K [0x0000000080000000, 0x00000000cf280000, 0x00000000d5580000)
  object space 1296896K, 99% used [0x0000000080000000,0x00000000cf244200,0x00000000cf280000)
 Metaspace       used 80548K, committed 82048K, reserved 1179648K
  class space    used 8156K, committed 8832K, reserved 1048576K

Card table byte_map: [0x000002a665ad0000,0x000002a665ee0000] _byte_map_base: 0x000002a6656d0000

Marking Bits: (ParMarkBitMap*) 0x00007ff99df53450
 Begin Bits: [0x000002a6785e0000, 0x000002a67a5e0000)
 End Bits:   [0x000002a67a5e0000, 0x000002a67c5e0000)

Polling page: 0x000002a663f60000

Metaspace:

Usage:
  Non-class:     70.70 MB used.
      Class:      7.97 MB used.
       Both:     78.66 MB used.

Virtual space:
  Non-class space:      128.00 MB reserved,      71.50 MB ( 56%) committed,  2 nodes.
      Class space:        1.00 GB reserved,       8.62 MB ( <1%) committed,  1 nodes.
             Both:        1.12 GB reserved,      80.12 MB (  7%) committed. 

Chunk freelists:
   Non-Class:  8.27 MB
       Class:  7.38 MB
        Both:  15.65 MB

MaxMetaspaceSize: unlimited
CompressedClassSpaceSize: 1.00 GB
Initial GC threshold: 21.00 MB
Current GC threshold: 128.75 MB
CDS: on
 - commit_granule_bytes: 65536.
 - commit_granule_words: 8192.
 - virtual_space_node_default_size: 8388608.
 - enlarge_chunks_in_place: 1.
 - use_allocation_guard: 0.


Internal statistics:

num_allocs_failed_limit: 9.
num_arena_births: 1584.
num_arena_deaths: 22.
num_vsnodes_births: 3.
num_vsnodes_deaths: 0.
num_space_committed: 1281.
num_space_uncommitted: 0.
num_chunks_returned_to_freelist: 35.
num_chunks_taken_from_freelist: 5516.
num_chunk_merges: 18.
num_chunk_splits: 3376.
num_chunks_enlarged: 1932.
num_inconsistent_stats: 0.

CodeHeap 'non-profiled nmethods': size=120000Kb used=17379Kb max_used=17379Kb free=102621Kb
 bounds [0x000002a670e00000, 0x000002a671f00000, 0x000002a678330000]
CodeHeap 'profiled nmethods': size=120000Kb used=41730Kb max_used=41730Kb free=78269Kb
 bounds [0x000002a669330000, 0x000002a66bc00000, 0x000002a670860000]
CodeHeap 'non-nmethods': size=5760Kb used=1503Kb max_used=1612Kb free=4256Kb
 bounds [0x000002a670860000, 0x000002a670ad0000, 0x000002a670e00000]
CodeCache: size=245760Kb, used=60612Kb, max_used=60721Kb, free=185146Kb
 total_blobs=18491, nmethods=17683, adapters=709, full_count=0
Compilation: enabled, stopped_count=0, restarted_count=0

Compilation events (20 events):
Event: 4125.722 Thread 0x000002a67de829c0 22401       3       java.util.concurrent.locks.LockSupport::park (24 bytes)
Event: 4125.722 Thread 0x000002a67de829c0 nmethod 22401 0x000002a66bbee890 code [0x000002a66bbeea60, 0x000002a66bbeeda0]
Event: 4125.722 Thread 0x000002a67de829c0 22402       3       java.io.ObjectStreamField::getTypeString (16 bytes)
Event: 4125.723 Thread 0x000002a67de829c0 nmethod 22402 0x000002a66bbeee90 code [0x000002a66bbef0c0, 0x000002a66bbef878]
Event: 4125.723 Thread 0x000002a67de829c0 22403       3       java.io.ObjectOutputStream::writeTypeString (40 bytes)
Event: 4125.723 Thread 0x000002a67de829c0 nmethod 22403 0x000002a66bbefc10 code [0x000002a66bbefe20, 0x000002a66bbf0220]
Event: 4125.723 Thread 0x000002a6661d98a0 22404       4       java.io.ObjectOutputStream$BlockDataOutputStream::writeShort (47 bytes)
Event: 4125.724 Thread 0x000002a67de829c0 22407       3       org.eclipse.core.internal.dtree.DataTreeNode::asBackwardDelta (26 bytes)
Event: 4125.724 Thread 0x000002a67de829c0 nmethod 22407 0x000002a66bbf0410 code [0x000002a66bbf06c0, 0x000002a66bbf1128]
Event: 4125.724 Thread 0x000002a6661d98a0 nmethod 22404 0x000002a671ef7190 code [0x000002a671ef7320, 0x000002a671ef7468]
Event: 4125.724 Thread 0x000002a6661d98a0 22406       4       java.util.Arrays::fill (28 bytes)
Event: 4125.727 Thread 0x000002a6661d98a0 nmethod 22406 0x000002a671ef7610 code [0x000002a671ef77a0, 0x000002a671ef7a28]
Event: 4125.727 Thread 0x000002a6661d98a0 22405       4       java.io.ObjectOutputStream$BlockDataOutputStream::writeUTF (46 bytes)
Event: 4125.732 Thread 0x000002a6661d98a0 nmethod 22405 0x000002a671ef7c10 code [0x000002a671ef7e00, 0x000002a671ef8610]
Event: 4361.705 Thread 0x000002a67de829c0 22408   !   3       java.lang.ref.ReferenceQueue::remove (61 bytes)
Event: 4361.706 Thread 0x000002a67de829c0 nmethod 22408 0x000002a66bbf1510 code [0x000002a66bbf17a0, 0x000002a66bbf2328]
Event: 4361.706 Thread 0x000002a67de829c0 22409       3       java.lang.ref.ReferenceQueue::remove0 (64 bytes)
Event: 4361.706 Thread 0x000002a67de829c0 nmethod 22409 0x000002a66bbf2710 code [0x000002a66bbf2920, 0x000002a66bbf2da0]
Event: 4421.709 Thread 0x000002a67de829c0 22410       3       java.util.concurrent.locks.AbstractQueuedSynchronizer$ConditionObject::await (202 bytes)
Event: 4421.710 Thread 0x000002a67de829c0 nmethod 22410 0x000002a66bbf2f10 code [0x000002a66bbf3200, 0x000002a66bbf4030]

GC Heap History (20 events):
Event: 3828.093 GC heap before
{Heap before GC invocations=1250 (full 5):
 PSYoungGen      total 8704K, used 8256K [0x00000000d5580000, 0x00000000d6780000, 0x0000000100000000)
  eden space 4608K, 100% used [0x00000000d5580000,0x00000000d5a00000,0x00000000d5a00000)
  from space 4096K, 89% used [0x00000000d6380000,0x00000000d6710000,0x00000000d6780000)
  to   space 5632K, 0% used [0x00000000d5c80000,0x00000000d5c80000,0x00000000d6200000)
 ParOldGen       total 1272320K, used 1271965K [0x0000000080000000, 0x00000000cda80000, 0x00000000d5580000)
  object space 1272320K, 99% used [0x0000000080000000,0x00000000cda274f0,0x00000000cda80000)
 Metaspace       used 80475K, committed 81984K, reserved 1179648K
  class space    used 8156K, committed 8832K, reserved 1048576K
}
Event: 3828.098 GC heap after
{Heap after GC invocations=1250 (full 5):
 PSYoungGen      total 9728K, used 4759K [0x00000000d5580000, 0x00000000d6400000, 0x0000000100000000)
  eden space 4608K, 0% used [0x00000000d5580000,0x00000000d5580000,0x00000000d5a00000)
  from space 5120K, 92% used [0x00000000d5c80000,0x00000000d6125f50,0x00000000d6180000)
  to   space 2560K, 0% used [0x00000000d6180000,0x00000000d6180000,0x00000000d6400000)
 ParOldGen       total 1274368K, used 1274357K [0x0000000080000000, 0x00000000cdc80000, 0x00000000d5580000)
  object space 1274368K, 99% used [0x0000000080000000,0x00000000cdc7d4f0,0x00000000cdc80000)
 Metaspace       used 80475K, committed 81984K, reserved 1179648K
  class space    used 8156K, committed 8832K, reserved 1048576K
}
Event: 3828.104 GC heap before
{Heap before GC invocations=1251 (full 5):
 PSYoungGen      total 9728K, used 9367K [0x00000000d5580000, 0x00000000d6400000, 0x0000000100000000)
  eden space 4608K, 100% used [0x00000000d5580000,0x00000000d5a00000,0x00000000d5a00000)
  from space 5120K, 92% used [0x00000000d5c80000,0x00000000d6125f50,0x00000000d6180000)
  to   space 2560K, 0% used [0x00000000d6180000,0x00000000d6180000,0x00000000d6400000)
 ParOldGen       total 1274368K, used 1274357K [0x0000000080000000, 0x00000000cdc80000, 0x00000000d5580000)
  object space 1274368K, 99% used [0x0000000080000000,0x00000000cdc7d4f0,0x00000000cdc80000)
 Metaspace       used 80475K, committed 81984K, reserved 1179648K
  class space    used 8156K, committed 8832K, reserved 1048576K
}
Event: 3828.108 GC heap after
{Heap after GC invocations=1251 (full 5):
 PSYoungGen      total 4608K, used 2560K [0x00000000d5580000, 0x00000000d6f00000, 0x0000000100000000)
  eden space 2048K, 0% used [0x00000000d5580000,0x00000000d5580000,0x00000000d5780000)
  from space 2560K, 100% used [0x00000000d6180000,0x00000000d6400000,0x00000000d6400000)
  to   space 10240K, 0% used [0x00000000d5780000,0x00000000d5780000,0x00000000d6180000)
 ParOldGen       total 1281536K, used 1281053K [0x0000000080000000, 0x00000000ce380000, 0x00000000d5580000)
  object space 1281536K, 99% used [0x0000000080000000,0x00000000ce307440,0x00000000ce380000)
 Metaspace       used 80475K, committed 81984K, reserved 1179648K
  class space    used 8156K, committed 8832K, reserved 1048576K
}
Event: 3828.110 GC heap before
{Heap before GC invocations=1252 (full 5):
 PSYoungGen      total 4608K, used 4608K [0x00000000d5580000, 0x00000000d6f00000, 0x0000000100000000)
  eden space 2048K, 100% used [0x00000000d5580000,0x00000000d5780000,0x00000000d5780000)
  from space 2560K, 100% used [0x00000000d6180000,0x00000000d6400000,0x00000000d6400000)
  to   space 10240K, 0% used [0x00000000d5780000,0x00000000d5780000,0x00000000d6180000)
 ParOldGen       total 1281536K, used 1281053K [0x0000000080000000, 0x00000000ce380000, 0x00000000d5580000)
  object space 1281536K, 99% used [0x0000000080000000,0x00000000ce307440,0x00000000ce380000)
 Metaspace       used 80475K, committed 81984K, reserved 1179648K
  class space    used 8156K, committed 8832K, reserved 1048576K
}
Event: 3828.113 GC heap after
{Heap after GC invocations=1252 (full 5):
 PSYoungGen      total 4608K, used 2211K [0x00000000d5580000, 0x00000000d6200000, 0x0000000100000000)
  eden space 2048K, 0% used [0x00000000d5580000,0x00000000d5580000,0x00000000d5780000)
  from space 2560K, 86% used [0x00000000d5780000,0x00000000d59a8c00,0x00000000d5a00000)
  to   space 5120K, 0% used [0x00000000d5d00000,0x00000000d5d00000,0x00000000d6200000)
 ParOldGen       total 1284096K, used 1283669K [0x0000000080000000, 0x00000000ce600000, 0x00000000d5580000)
  object space 1284096K, 99% used [0x0000000080000000,0x00000000ce595440,0x00000000ce600000)
 Metaspace       used 80475K, committed 81984K, reserved 1179648K
  class space    used 8156K, committed 8832K, reserved 1048576K
}
Event: 3828.120 GC heap before
{Heap before GC invocations=1253 (full 5):
 PSYoungGen      total 4608K, used 4259K [0x00000000d5580000, 0x00000000d6200000, 0x0000000100000000)
  eden space 2048K, 100% used [0x00000000d5580000,0x00000000d5780000,0x00000000d5780000)
  from space 2560K, 86% used [0x00000000d5780000,0x00000000d59a8c00,0x00000000d5a00000)
  to   space 5120K, 0% used [0x00000000d5d00000,0x00000000d5d00000,0x00000000d6200000)
 ParOldGen       total 1284096K, used 1283669K [0x0000000080000000, 0x00000000ce600000, 0x00000000d5580000)
  object space 1284096K, 99% used [0x0000000080000000,0x00000000ce595440,0x00000000ce600000)
 Metaspace       used 80480K, committed 81984K, reserved 1179648K
  class space    used 8156K, committed 8832K, reserved 1048576K
}
Event: 3828.123 GC heap after
{Heap after GC invocations=1253 (full 5):
 PSYoungGen      total 4096K, used 1232K [0x00000000d5580000, 0x00000000d5e80000, 0x0000000100000000)
  eden space 2560K, 0% used [0x00000000d5580000,0x00000000d5580000,0x00000000d5800000)
  from space 1536K, 80% used [0x00000000d5d00000,0x00000000d5e34000,0x00000000d5e80000)
  to   space 2048K, 0% used [0x00000000d5a80000,0x00000000d5a80000,0x00000000d5c80000)
 ParOldGen       total 1286144K, used 1285677K [0x0000000080000000, 0x00000000ce800000, 0x00000000d5580000)
  object space 1286144K, 99% used [0x0000000080000000,0x00000000ce78b440,0x00000000ce800000)
 Metaspace       used 80480K, committed 81984K, reserved 1179648K
  class space    used 8156K, committed 8832K, reserved 1048576K
}
Event: 3828.133 GC heap before
{Heap before GC invocations=1254 (full 5):
 PSYoungGen      total 4096K, used 3792K [0x00000000d5580000, 0x00000000d5e80000, 0x0000000100000000)
  eden space 2560K, 100% used [0x00000000d5580000,0x00000000d5800000,0x00000000d5800000)
  from space 1536K, 80% used [0x00000000d5d00000,0x00000000d5e34000,0x00000000d5e80000)
  to   space 2048K, 0% used [0x00000000d5a80000,0x00000000d5a80000,0x00000000d5c80000)
 ParOldGen       total 1286144K, used 1285677K [0x0000000080000000, 0x00000000ce800000, 0x00000000d5580000)
  object space 1286144K, 99% used [0x0000000080000000,0x00000000ce78b440,0x00000000ce800000)
 Metaspace       used 80481K, committed 81984K, reserved 1179648K
  class space    used 8156K, committed 8832K, reserved 1048576K
}
Event: 3828.136 GC heap after
{Heap after GC invocations=1254 (full 5):
 PSYoungGen      total 5120K, used 2032K [0x00000000d5580000, 0x00000000d6080000, 0x0000000100000000)
  eden space 3072K, 0% used [0x00000000d5580000,0x00000000d5580000,0x00000000d5880000)
  from space 2048K, 99% used [0x00000000d5a80000,0x00000000d5c7c020,0x00000000d5c80000)
  to   space 4096K, 0% used [0x00000000d5c80000,0x00000000d5c80000,0x00000000d6080000)
 ParOldGen       total 1287168K, used 1287093K [0x0000000080000000, 0x00000000ce900000, 0x00000000d5580000)
  object space 1287168K, 99% used [0x0000000080000000,0x00000000ce8ed450,0x00000000ce900000)
 Metaspace       used 80481K, committed 81984K, reserved 1179648K
  class space    used 8156K, committed 8832K, reserved 1048576K
}
Event: 3828.144 GC heap before
{Heap before GC invocations=1255 (full 5):
 PSYoungGen      total 5120K, used 5086K [0x00000000d5580000, 0x00000000d6080000, 0x0000000100000000)
  eden space 3072K, 99% used [0x00000000d5580000,0x00000000d587ba40,0x00000000d5880000)
  from space 2048K, 99% used [0x00000000d5a80000,0x00000000d5c7c020,0x00000000d5c80000)
  to   space 4096K, 0% used [0x00000000d5c80000,0x00000000d5c80000,0x00000000d6080000)
 ParOldGen       total 1287168K, used 1287093K [0x0000000080000000, 0x00000000ce900000, 0x00000000d5580000)
  object space 1287168K, 99% used [0x0000000080000000,0x00000000ce8ed450,0x00000000ce900000)
 Metaspace       used 80484K, committed 81984K, reserved 1179648K
  class space    used 8156K, committed 8832K, reserved 1048576K
}
Event: 3828.146 GC heap after
{Heap after GC invocations=1255 (full 5):
 PSYoungGen      total 7168K, used 2555K [0x00000000d5580000, 0x00000000d5f80000, 0x0000000100000000)
  eden space 4096K, 0% used [0x00000000d5580000,0x00000000d5580000,0x00000000d5980000)
  from space 3072K, 83% used [0x00000000d5c80000,0x00000000d5efef48,0x00000000d5f80000)
  to   space 3072K, 0% used [0x00000000d5980000,0x00000000d5980000,0x00000000d5c80000)
 ParOldGen       total 1290240K, used 1289645K [0x0000000080000000, 0x00000000cec00000, 0x00000000d5580000)
  object space 1290240K, 99% used [0x0000000080000000,0x00000000ceb6b470,0x00000000cec00000)
 Metaspace       used 80484K, committed 81984K, reserved 1179648K
  class space    used 8156K, committed 8832K, reserved 1048576K
}
Event: 3828.159 GC heap before
{Heap before GC invocations=1256 (full 5):
 PSYoungGen      total 7168K, used 6651K [0x00000000d5580000, 0x00000000d5f80000, 0x0000000100000000)
  eden space 4096K, 100% used [0x00000000d5580000,0x00000000d5980000,0x00000000d5980000)
  from space 3072K, 83% used [0x00000000d5c80000,0x00000000d5efef48,0x00000000d5f80000)
  to   space 3072K, 0% used [0x00000000d5980000,0x00000000d5980000,0x00000000d5c80000)
 ParOldGen       total 1290240K, used 1289645K [0x0000000080000000, 0x00000000cec00000, 0x00000000d5580000)
  object space 1290240K, 99% used [0x0000000080000000,0x00000000ceb6b470,0x00000000cec00000)
 Metaspace       used 80484K, committed 81984K, reserved 1179648K
  class space    used 8156K, committed 8832K, reserved 1048576K
}
Event: 3828.163 GC heap after
{Heap after GC invocations=1256 (full 5):
 PSYoungGen      total 7168K, used 3048K [0x00000000d5580000, 0x00000000d6180000, 0x0000000100000000)
  eden space 4096K, 0% used [0x00000000d5580000,0x00000000d5580000,0x00000000d5980000)
  from space 3072K, 99% used [0x00000000d5980000,0x00000000d5c7a190,0x00000000d5c80000)
  to   space 3584K, 0% used [0x00000000d5e00000,0x00000000d5e00000,0x00000000d6180000)
 ParOldGen       total 1292288K, used 1292074K [0x0000000080000000, 0x00000000cee00000, 0x00000000d5580000)
  object space 1292288K, 99% used [0x0000000080000000,0x00000000cedcaa58,0x00000000cee00000)
 Metaspace       used 80484K, committed 81984K, reserved 1179648K
  class space    used 8156K, committed 8832K, reserved 1048576K
}
Event: 3828.179 GC heap before
{Heap before GC invocations=1257 (full 5):
 PSYoungGen      total 7168K, used 7144K [0x00000000d5580000, 0x00000000d6180000, 0x0000000100000000)
  eden space 4096K, 100% used [0x00000000d5580000,0x00000000d5980000,0x00000000d5980000)
  from space 3072K, 99% used [0x00000000d5980000,0x00000000d5c7a190,0x00000000d5c80000)
  to   space 3584K, 0% used [0x00000000d5e00000,0x00000000d5e00000,0x00000000d6180000)
 ParOldGen       total 1292288K, used 1292074K [0x0000000080000000, 0x00000000cee00000, 0x00000000d5580000)
  object space 1292288K, 99% used [0x0000000080000000,0x00000000cedcaa58,0x00000000cee00000)
 Metaspace       used 80514K, committed 82048K, reserved 1179648K
  class space    used 8156K, committed 8832K, reserved 1048576K
}
Event: 3828.181 GC heap after
{Heap after GC invocations=1257 (full 5):
 PSYoungGen      total 6144K, used 928K [0x00000000d5580000, 0x00000000d5f00000, 0x0000000100000000)
  eden space 5120K, 0% used [0x00000000d5580000,0x00000000d5580000,0x00000000d5a80000)
  from space 1024K, 90% used [0x00000000d5e00000,0x00000000d5ee8020,0x00000000d5f00000)
  to   space 2048K, 0% used [0x00000000d5b00000,0x00000000d5b00000,0x00000000d5d00000)
 ParOldGen       total 1295360K, used 1294965K [0x0000000080000000, 0x00000000cf100000, 0x00000000d5580000)
  object space 1295360K, 99% used [0x0000000080000000,0x00000000cf09d470,0x00000000cf100000)
 Metaspace       used 80514K, committed 82048K, reserved 1179648K
  class space    used 8156K, committed 8832K, reserved 1048576K
}
Event: 3828.213 GC heap before
{Heap before GC invocations=1258 (full 5):
 PSYoungGen      total 6144K, used 6048K [0x00000000d5580000, 0x00000000d5f00000, 0x0000000100000000)
  eden space 5120K, 99% used [0x00000000d5580000,0x00000000d5a7fff8,0x00000000d5a80000)
  from space 1024K, 90% used [0x00000000d5e00000,0x00000000d5ee8020,0x00000000d5f00000)
  to   space 2048K, 0% used [0x00000000d5b00000,0x00000000d5b00000,0x00000000d5d00000)
 ParOldGen       total 1295360K, used 1294965K [0x0000000080000000, 0x00000000cf100000, 0x00000000d5580000)
  object space 1295360K, 99% used [0x0000000080000000,0x00000000cf09d470,0x00000000cf100000)
 Metaspace       used 80534K, committed 82048K, reserved 1179648K
  class space    used 8156K, committed 8832K, reserved 1048576K
}
Event: 3828.215 GC heap after
{Heap after GC invocations=1258 (full 5):
 PSYoungGen      total 7168K, used 1088K [0x00000000d5580000, 0x00000000d5e80000, 0x0000000100000000)
  eden space 5120K, 0% used [0x00000000d5580000,0x00000000d5580000,0x00000000d5a80000)
  from space 2048K, 53% used [0x00000000d5b00000,0x00000000d5c10020,0x00000000d5d00000)
  to   space 1536K, 0% used [0x00000000d5d00000,0x00000000d5d00000,0x00000000d5e80000)
 ParOldGen       total 1295872K, used 1295708K [0x0000000080000000, 0x00000000cf180000, 0x00000000d5580000)
  object space 1295872K, 99% used [0x0000000080000000,0x00000000cf157390,0x00000000cf180000)
 Metaspace       used 80534K, committed 82048K, reserved 1179648K
  class space    used 8156K, committed 8832K, reserved 1048576K
}
Event: 3828.381 GC heap before
{Heap before GC invocations=1259 (full 5):
 PSYoungGen      total 7168K, used 6201K [0x00000000d5580000, 0x00000000d5e80000, 0x0000000100000000)
  eden space 5120K, 99% used [0x00000000d5580000,0x00000000d5a7e410,0x00000000d5a80000)
  from space 2048K, 53% used [0x00000000d5b00000,0x00000000d5c10020,0x00000000d5d00000)
  to   space 1536K, 0% used [0x00000000d5d00000,0x00000000d5d00000,0x00000000d5e80000)
 ParOldGen       total 1295872K, used 1295708K [0x0000000080000000, 0x00000000cf180000, 0x00000000d5580000)
  object space 1295872K, 99% used [0x0000000080000000,0x00000000cf157390,0x00000000cf180000)
 Metaspace       used 80539K, committed 82048K, reserved 1179648K
  class space    used 8156K, committed 8832K, reserved 1048576K
}
Event: 3828.383 GC heap after
{Heap after GC invocations=1259 (full 5):
 PSYoungGen      total 5632K, used 273K [0x00000000d5580000, 0x00000000d5d80000, 0x0000000100000000)
  eden space 5120K, 0% used [0x00000000d5580000,0x00000000d5580000,0x00000000d5a80000)
  from space 512K, 53% used [0x00000000d5d00000,0x00000000d5d44540,0x00000000d5d80000)
  to   space 1024K, 0% used [0x00000000d5b80000,0x00000000d5b80000,0x00000000d5c80000)
 ParOldGen       total 1296896K, used 1296656K [0x0000000080000000, 0x00000000cf280000, 0x00000000d5580000)
  object space 1296896K, 99% used [0x0000000080000000,0x00000000cf244200,0x00000000cf280000)
 Metaspace       used 80539K, committed 82048K, reserved 1179648K
  class space    used 8156K, committed 8832K, reserved 1048576K
}

Dll operation events (10 events):
Event: 0.008 Loaded shared library c:\Users\Admin\.cursor\extensions\redhat.java-1.54.0-win32-x64\jre\21.0.10-win32-x86_64\bin\java.dll
Event: 0.038 Loaded shared library c:\Users\Admin\.cursor\extensions\redhat.java-1.54.0-win32-x64\jre\21.0.10-win32-x86_64\bin\zip.dll
Event: 0.098 Loaded shared library C:\Users\Admin\.cursor\extensions\redhat.java-1.54.0-win32-x64\jre\21.0.10-win32-x86_64\bin\instrument.dll
Event: 0.103 Loaded shared library C:\Users\Admin\.cursor\extensions\redhat.java-1.54.0-win32-x64\jre\21.0.10-win32-x86_64\bin\net.dll
Event: 0.104 Loaded shared library C:\Users\Admin\.cursor\extensions\redhat.java-1.54.0-win32-x64\jre\21.0.10-win32-x86_64\bin\nio.dll
Event: 0.107 Loaded shared library C:\Users\Admin\.cursor\extensions\redhat.java-1.54.0-win32-x64\jre\21.0.10-win32-x86_64\bin\zip.dll
Event: 0.123 Loaded shared library C:\Users\Admin\.cursor\extensions\redhat.java-1.54.0-win32-x64\jre\21.0.10-win32-x86_64\bin\jimage.dll
Event: 0.182 Loaded shared library c:\Users\Admin\.cursor\extensions\redhat.java-1.54.0-win32-x64\jre\21.0.10-win32-x86_64\bin\verify.dll
Event: 1.055 Loaded shared library C:\Users\Admin\AppData\Roaming\Cursor\User\globalStorage\redhat.java\1.54.0\config_win\org.eclipse.equinox.launcher\org.eclipse.equinox.launcher.win32.win32.x86_64_1.3.0.v20260203-2149\eclipse_11919.dll
Event: 4.075 Loaded shared library C:\Users\Admin\AppData\Local\Temp\jna-63116079\jna11313382881950910440.dll

Deoptimization events (20 events):
Event: 3825.899 Thread 0x000002a67f5c8150 Uncommon trap: trap_request=0xffffff76 fr.pc=0x000002a671ea1504 relative=0x0000000000000164
Event: 3825.899 Thread 0x000002a67f5c8150 Uncommon trap: reason=predicate action=maybe_recompile pc=0x000002a671ea1504 method=java.util.Arrays.fill([Ljava/lang/Object;IILjava/lang/Object;)V @ 13 c2
Event: 3825.899 Thread 0x000002a67f5c8150 DEOPT PACKING pc=0x000002a671ea1504 sp=0x000000bc251fee30
Event: 3825.899 Thread 0x000002a67f5c8150 DEOPT UNPACKING pc=0x000002a6708b6da2 sp=0x000000bc251fede0 mode 2
Event: 3828.387 Thread 0x000002a64680b370 Uncommon trap: trap_request=0xffffffbe fr.pc=0x000002a671ef546c relative=0x0000000000000f4c
Event: 3828.387 Thread 0x000002a64680b370 Uncommon trap: reason=profile_predicate action=maybe_recompile pc=0x000002a671ef546c method=org.eclipse.core.internal.jobs.DeadlockDetector.reduceGraph(ILorg/eclipse/core/runtime/jobs/ISchedulingRule;)V @ 67 c2
Event: 3828.387 Thread 0x000002a64680b370 DEOPT PACKING pc=0x000002a671ef546c sp=0x000000bc28dff340
Event: 3828.387 Thread 0x000002a64680b370 DEOPT UNPACKING pc=0x000002a6708b6da2 sp=0x000000bc28dff2e8 mode 2
Event: 3904.212 Thread 0x000002a64680b370 Uncommon trap: trap_request=0xffffffbe fr.pc=0x000002a671ef546c relative=0x0000000000000f4c
Event: 3904.212 Thread 0x000002a64680b370 Uncommon trap: reason=profile_predicate action=maybe_recompile pc=0x000002a671ef546c method=org.eclipse.core.internal.jobs.DeadlockDetector.reduceGraph(ILorg/eclipse/core/runtime/jobs/ISchedulingRule;)V @ 67 c2
Event: 3904.212 Thread 0x000002a64680b370 DEOPT PACKING pc=0x000002a671ef546c sp=0x000000bc28dff0d0
Event: 3904.212 Thread 0x000002a64680b370 DEOPT UNPACKING pc=0x000002a6708b6da2 sp=0x000000bc28dff060 mode 2
Event: 4125.726 Thread 0x000002a67f5c8150 Uncommon trap: trap_request=0xffffffbe fr.pc=0x000002a671ef546c relative=0x0000000000000f4c
Event: 4125.726 Thread 0x000002a67f5c8150 Uncommon trap: reason=profile_predicate action=maybe_recompile pc=0x000002a671ef546c method=org.eclipse.core.internal.jobs.DeadlockDetector.reduceGraph(ILorg/eclipse/core/runtime/jobs/ISchedulingRule;)V @ 67 c2
Event: 4125.726 Thread 0x000002a67f5c8150 DEOPT PACKING pc=0x000002a671ef546c sp=0x000000bc251ff0a0
Event: 4125.726 Thread 0x000002a67f5c8150 DEOPT UNPACKING pc=0x000002a6708b6da2 sp=0x000000bc251ff048 mode 2
Event: 4125.829 Thread 0x000002a67f5c8150 Uncommon trap: trap_request=0xffffffbe fr.pc=0x000002a671ef546c relative=0x0000000000000f4c
Event: 4125.829 Thread 0x000002a67f5c8150 Uncommon trap: reason=profile_predicate action=maybe_recompile pc=0x000002a671ef546c method=org.eclipse.core.internal.jobs.DeadlockDetector.reduceGraph(ILorg/eclipse/core/runtime/jobs/ISchedulingRule;)V @ 67 c2
Event: 4125.829 Thread 0x000002a67f5c8150 DEOPT PACKING pc=0x000002a671ef546c sp=0x000000bc251ff0a0
Event: 4125.829 Thread 0x000002a67f5c8150 DEOPT UNPACKING pc=0x000002a6708b6da2 sp=0x000000bc251ff048 mode 2

Classes loaded (20 events):
Event: 350.132 Loading class jdk/internal/module/IllegalAccessLogger
Event: 350.132 Loading class jdk/internal/module/IllegalAccessLogger done
Event: 644.919 Loading class jdk/internal/module/IllegalAccessLogger
Event: 644.919 Loading class jdk/internal/module/IllegalAccessLogger done
Event: 647.159 Loading class jdk/internal/module/IllegalAccessLogger
Event: 647.159 Loading class jdk/internal/module/IllegalAccessLogger done
Event: 669.838 Loading class jdk/internal/module/IllegalAccessLogger
Event: 669.838 Loading class jdk/internal/module/IllegalAccessLogger done
Event: 674.342 Loading class jdk/internal/module/IllegalAccessLogger
Event: 674.342 Loading class jdk/internal/module/IllegalAccessLogger done
Event: 678.062 Loading class jdk/internal/module/IllegalAccessLogger
Event: 678.062 Loading class jdk/internal/module/IllegalAccessLogger done
Event: 2073.330 Loading class jdk/internal/module/IllegalAccessLogger
Event: 2073.330 Loading class jdk/internal/module/IllegalAccessLogger done
Event: 2472.445 Loading class jdk/internal/module/IllegalAccessLogger
Event: 2472.445 Loading class jdk/internal/module/IllegalAccessLogger done
Event: 3825.822 Loading class java/nio/file/Path$1
Event: 3825.822 Loading class java/nio/file/Path$1 done
Event: 3828.169 Loading class jdk/internal/module/IllegalAccessLogger
Event: 3828.169 Loading class jdk/internal/module/IllegalAccessLogger done

Classes unloaded (11 events):
Event: 4.569 Thread 0x000002a67de30d70 Unloading class 0x000002a6011acc00 'java/lang/invoke/LambdaForm$MH+0x000002a6011acc00'
Event: 4.569 Thread 0x000002a67de30d70 Unloading class 0x000002a6011ac800 'java/lang/invoke/LambdaForm$MH+0x000002a6011ac800'
Event: 4.569 Thread 0x000002a67de30d70 Unloading class 0x000002a6011ac400 'java/lang/invoke/LambdaForm$MH+0x000002a6011ac400'
Event: 4.569 Thread 0x000002a67de30d70 Unloading class 0x000002a6011ac000 'java/lang/invoke/LambdaForm$MH+0x000002a6011ac000'
Event: 4.569 Thread 0x000002a67de30d70 Unloading class 0x000002a6011abc00 'java/lang/invoke/LambdaForm$BMH+0x000002a6011abc00'
Event: 4.569 Thread 0x000002a67de30d70 Unloading class 0x000002a6011ab800 'java/lang/invoke/LambdaForm$DMH+0x000002a6011ab800'
Event: 4.569 Thread 0x000002a67de30d70 Unloading class 0x000002a6011aa800 'java/lang/invoke/LambdaForm$DMH+0x000002a6011aa800'
Event: 281.116 Thread 0x000002a67de30d70 Unloading class 0x000002a601824800 'java/lang/invoke/LambdaForm$DMH+0x000002a601824800'
Event: 281.116 Thread 0x000002a67de30d70 Unloading class 0x000002a601824c00 'java/lang/invoke/LambdaForm$DMH+0x000002a601824c00'
Event: 281.116 Thread 0x000002a67de30d70 Unloading class 0x000002a601825000 'java/lang/invoke/LambdaForm$DMH+0x000002a601825000'
Event: 281.116 Thread 0x000002a67de30d70 Unloading class 0x000002a601824000 'java/lang/invoke/LambdaForm$DMH+0x000002a601824000'

Classes redefined (0 events):
No events

Internal exceptions (20 events):
Event: 2073.425 Thread 0x000002a64680f510 Implicit null exception at 0x000002a671b06c24 to 0x000002a671b06c54
Event: 2373.130 Thread 0x000002a64680c720 Exception <a 'sun/nio/fs/WindowsException'{0x00000000d59b97c8}> (0x00000000d59b97c8) 
thrown [s\src\hotspot\share\prims\jni.cpp, line 520]
Event: 2373.130 Thread 0x000002a64680c720 Exception <a 'sun/nio/fs/WindowsException'{0x00000000d59ba3f0}> (0x00000000d59ba3f0) 
thrown [s\src\hotspot\share\prims\jni.cpp, line 520]
Event: 2472.271 Thread 0x000002a645aa0c90 Exception <a 'sun/nio/fs/WindowsException'{0x00000000d59e3460}> (0x00000000d59e3460) 
thrown [s\src\hotspot\share\prims\jni.cpp, line 520]
Event: 2472.469 Thread 0x000002a645aa0c90 Exception <a 'sun/nio/fs/WindowsException'{0x00000000d569dc30}> (0x00000000d569dc30) 
thrown [s\src\hotspot\share\prims\jni.cpp, line 520]
Event: 2772.286 Thread 0x000002a67f5c9500 Exception <a 'sun/nio/fs/WindowsException'{0x00000000d56df8f0}> (0x00000000d56df8f0) 
thrown [s\src\hotspot\share\prims\jni.cpp, line 520]
Event: 2772.286 Thread 0x000002a67f5c9500 Exception <a 'sun/nio/fs/WindowsException'{0x00000000d56e02a0}> (0x00000000d56e02a0) 
thrown [s\src\hotspot\share\prims\jni.cpp, line 520]
Event: 3216.098 Thread 0x000002a67f5ca220 Exception <a 'java/lang/IncompatibleClassChangeError'{0x00000000d5909200}: Found class java.lang.Object, but interface was expected> (0x00000000d5909200) 
thrown [s\src\hotspot\share\interpreter\linkResolver.cpp, line 840]
Event: 3216.106 Thread 0x000002a67f5ce3c0 Exception <a 'java/lang/NoSuchMethodError'{0x00000000d5946d68}: 'java.lang.Object java.lang.invoke.DirectMethodHandle$Holder.invokeSpecial(java.lang.Object, java.lang.Object, java.lang.Object, java.lang.Object, int, java.lang.Object, java.lang.Object)'> (0x00000000d5946d68) 
thrown [s\src\hotspot\share\interpreter\linkResolver.cpp, line 773]
Event: 3216.215 Thread 0x000002a67f5ce3c0 Implicit null exception at 0x000002a6718ddefa to 0x000002a6718ded20
Event: 3216.215 Thread 0x000002a67f5ce3c0 Implicit null exception at 0x000002a6718d1f48 to 0x000002a6718d29a4
Event: 3216.835 Thread 0x000002a67f5ce3c0 Exception <a 'java/lang/ArrayIndexOutOfBoundsException'{0x00000000d5662208}: Index 4320 out of bounds for length 4319> (0x00000000d5662208) 
thrown [s\src\hotspot\share\interpreter\interpreterRuntime.cpp, line 439]
Event: 3825.704 Thread 0x000002a645aa0c90 Exception <a 'sun/nio/fs/WindowsException'{0x00000000d584bcd0}> (0x00000000d584bcd0) 
thrown [s\src\hotspot\share\prims\jni.cpp, line 520]
Event: 3825.822 Thread 0x000002a67f5c8150 Exception <a 'sun/nio/fs/WindowsException'{0x00000000d55824f0}> (0x00000000d55824f0) 
thrown [s\src\hotspot\share\prims\jni.cpp, line 520]
Event: 3825.822 Thread 0x000002a67f5c8150 Exception <a 'sun/nio/fs/WindowsException'{0x00000000d55ae128}> (0x00000000d55ae128) 
thrown [s\src\hotspot\share\prims\jni.cpp, line 520]
Event: 3825.871 Thread 0x000002a645aa0c90 Exception <a 'sun/nio/fs/WindowsException'{0x00000000d57e83c8}> (0x00000000d57e83c8) 
thrown [s\src\hotspot\share\prims\jni.cpp, line 520]
Event: 3827.983 Thread 0x000002a645aa0c90 Exception <a 'sun/nio/fs/WindowsException'{0x00000000d5829c70}> (0x00000000d5829c70) 
thrown [s\src\hotspot\share\prims\jni.cpp, line 520]
Event: 3828.169 Thread 0x000002a645aa0c90 Exception <a 'sun/nio/fs/WindowsException'{0x00000000d57293b0}> (0x00000000d57293b0) 
thrown [s\src\hotspot\share\prims\jni.cpp, line 520]
Event: 4125.721 Thread 0x000002a67f5c8150 Exception <a 'sun/nio/fs/WindowsException'{0x00000000d55f6720}> (0x00000000d55f6720) 
thrown [s\src\hotspot\share\prims\jni.cpp, line 520]
Event: 4125.721 Thread 0x000002a67f5c8150 Exception <a 'sun/nio/fs/WindowsException'{0x00000000d55f70d0}> (0x00000000d55f70d0) 
thrown [s\src\hotspot\share\prims\jni.cpp, line 520]

ZGC Phase Switch (0 events):
No events

VM Operations (20 events):
Event: 4268.992 Executing non-safepoint VM operation: RendezvousGCThreads
Event: 4268.992 Executing non-safepoint VM operation: RendezvousGCThreads done
Event: 4329.000 Executing non-safepoint VM operation: HandshakeAllThreads (HandshakeForDeflation)
Event: 4329.000 Executing non-safepoint VM operation: HandshakeAllThreads (HandshakeForDeflation) done
Event: 4329.000 Executing non-safepoint VM operation: RendezvousGCThreads
Event: 4329.000 Executing non-safepoint VM operation: RendezvousGCThreads done
Event: 4386.481 Executing safepoint VM operation: Cleanup
Event: 4386.481 Executing safepoint VM operation: Cleanup done
Event: 4449.105 Executing non-safepoint VM operation: HandshakeAllThreads (HandshakeForDeflation)
Event: 4449.105 Executing non-safepoint VM operation: HandshakeAllThreads (HandshakeForDeflation) done
Event: 4449.105 Executing non-safepoint VM operation: RendezvousGCThreads
Event: 4449.105 Executing non-safepoint VM operation: RendezvousGCThreads done
Event: 4629.451 Executing non-safepoint VM operation: HandshakeAllThreads (HandshakeForDeflation)
Event: 4629.451 Executing non-safepoint VM operation: HandshakeAllThreads (HandshakeForDeflation) done
Event: 4629.451 Executing non-safepoint VM operation: RendezvousGCThreads
Event: 4629.451 Executing non-safepoint VM operation: RendezvousGCThreads done
Event: 4749.665 Executing non-safepoint VM operation: HandshakeAllThreads (HandshakeForDeflation)
Event: 4749.665 Executing non-safepoint VM operation: HandshakeAllThreads (HandshakeForDeflation) done
Event: 4749.665 Executing non-safepoint VM operation: RendezvousGCThreads
Event: 4749.665 Executing non-safepoint VM operation: RendezvousGCThreads done

Memory protections (0 events):
No events

Nmethod flushes (20 events):
Event: 324.454 Thread 0x000002a67de30d70 flushing  nmethod 0x000002a66b2a1110
Event: 324.454 Thread 0x000002a67de30d70 flushing  nmethod 0x000002a66b2d3a90
Event: 324.454 Thread 0x000002a67de30d70 flushing  nmethod 0x000002a66b2d4e10
Event: 324.454 Thread 0x000002a67de30d70 flushing  nmethod 0x000002a66b2d8610
Event: 324.454 Thread 0x000002a67de30d70 flushing  nmethod 0x000002a66b2d9610
Event: 324.454 Thread 0x000002a67de30d70 flushing  nmethod 0x000002a66b2df090
Event: 324.454 Thread 0x000002a67de30d70 flushing  nmethod 0x000002a66b2e0090
Event: 324.454 Thread 0x000002a67de30d70 flushing  nmethod 0x000002a66b2e0d90
Event: 324.454 Thread 0x000002a67de30d70 flushing  nmethod 0x000002a66b2e1310
Event: 324.454 Thread 0x000002a67de30d70 flushing  nmethod 0x000002a66b2e4190
Event: 324.454 Thread 0x000002a67de30d70 flushing osr nmethod 0x000002a66b316610
Event: 324.454 Thread 0x000002a67de30d70 flushing  nmethod 0x000002a66b318490
Event: 324.454 Thread 0x000002a67de30d70 flushing  nmethod 0x000002a66b33f990
Event: 324.454 Thread 0x000002a67de30d70 flushing  nmethod 0x000002a66b341110
Event: 324.454 Thread 0x000002a67de30d70 flushing  nmethod 0x000002a66b341790
Event: 324.454 Thread 0x000002a67de30d70 flushing  nmethod 0x000002a66b341b90
Event: 324.454 Thread 0x000002a67de30d70 flushing  nmethod 0x000002a66b343110
Event: 324.454 Thread 0x000002a67de30d70 flushing  nmethod 0x000002a66b351d90
Event: 324.454 Thread 0x000002a67de30d70 flushing  nmethod 0x000002a66b3f7410
Event: 324.454 Thread 0x000002a67de30d70 flushing  nmethod 0x000002a66b57bb10

Events (20 events):
Event: 3828.176 Thread 0x000002a67de829c0 Thread added: 0x000002a65db01400
Event: 3828.198 Thread 0x000002a67de829c0 Thread added: 0x000002a65dafcfe0
Event: 3828.381 Thread 0x000002a65dafcfe0 Thread exited: 0x000002a65dafcfe0
Event: 3828.385 Thread 0x000002a65db01400 Thread exited: 0x000002a65db01400
Event: 3888.206 Thread 0x000002a64680f510 Thread exited: 0x000002a64680f510
Event: 3888.388 Thread 0x000002a67f5c9b90 Thread exited: 0x000002a67f5c9b90
Event: 4125.720 Thread 0x000002a67f5c8150 Thread added: 0x000002a64680c720
Event: 4125.720 Thread 0x000002a64680c720 Thread exited: 0x000002a64680c720
Event: 4125.721 Thread 0x000002a67f5c8150 Thread added: 0x000002a646810f50
Event: 4125.722 Thread 0x000002a646810f50 Thread exited: 0x000002a646810f50
Event: 4128.143 Thread 0x000002a67f5cdd30 Thread exited: 0x000002a67f5cdd30
Event: 4128.143 Thread 0x000002a67f5cea50 Thread exited: 0x000002a67f5cea50
Event: 4128.143 Thread 0x000002a67f5c8e70 Thread exited: 0x000002a67f5c8e70
Event: 4128.143 Thread 0x000002a67f5ce3c0 Thread exited: 0x000002a67f5ce3c0
Event: 4128.143 Thread 0x000002a67f5cc980 Thread exited: 0x000002a67f5cc980
Event: 4128.143 Thread 0x000002a67f5c7ac0 Thread exited: 0x000002a67f5c7ac0
Event: 4128.143 Thread 0x000002a67f5c87e0 Thread exited: 0x000002a67f5c87e0
Event: 4128.143 Thread 0x000002a67f5cd6a0 Thread exited: 0x000002a67f5cd6a0
Event: 4128.143 Thread 0x000002a67f5ca8b0 Thread exited: 0x000002a67f5ca8b0
Event: 4128.143 Thread 0x000002a67f5c9500 Thread exited: 0x000002a67f5c9500


Dynamic libraries:
0x00007ff71a810000 - 0x00007ff71a81e000 	c:\Users\Admin\.cursor\extensions\redhat.java-1.54.0-win32-x64\jre\21.0.10-win32-x86_64\bin\java.exe
0x00007ffa4ddf0000 - 0x00007ffa4e008000 	C:\WINDOWS\SYSTEM32\ntdll.dll
0x00007ffa4c2e0000 - 0x00007ffa4c3a4000 	C:\WINDOWS\System32\KERNEL32.DLL
0x00007ffa4b1b0000 - 0x00007ffa4b583000 	C:\WINDOWS\System32\KERNELBASE.dll
0x00007ffa4b710000 - 0x00007ffa4b821000 	C:\WINDOWS\System32\ucrtbase.dll
0x00007ffa2ee00000 - 0x00007ffa2ee18000 	c:\Users\Admin\.cursor\extensions\redhat.java-1.54.0-win32-x64\jre\21.0.10-win32-x86_64\bin\jli.dll
0x00007ffa4bbf0000 - 0x00007ffa4bda2000 	C:\WINDOWS\System32\USER32.dll
0x00007ffa4b6b0000 - 0x00007ffa4b6d6000 	C:\WINDOWS\System32\win32u.dll
0x00007ffa4bdd0000 - 0x00007ffa4bdf9000 	C:\WINDOWS\System32\GDI32.dll
0x00007ffa4b590000 - 0x00007ffa4b6ab000 	C:\WINDOWS\System32\gdi32full.dll
0x00007ffa4b9f0000 - 0x00007ffa4ba8a000 	C:\WINDOWS\System32\msvcp_win.dll
0x00007ffa38120000 - 0x00007ffa3813e000 	c:\Users\Admin\.cursor\extensions\redhat.java-1.54.0-win32-x64\jre\21.0.10-win32-x86_64\bin\VCRUNTIME140.dll
0x00007ffa3a520000 - 0x00007ffa3a7bc000 	C:\WINDOWS\WinSxS\amd64_microsoft.windows.common-controls_6595b64144ccf1df_6.0.22621.6060_none_2712eda17382d24b\COMCTL32.dll
0x00007ffa4c230000 - 0x00007ffa4c2d7000 	C:\WINDOWS\System32\msvcrt.dll
0x00007ffa4be50000 - 0x00007ffa4be81000 	C:\WINDOWS\System32\IMM32.DLL
0x00007ffa44980000 - 0x00007ffa4498c000 	c:\Users\Admin\.cursor\extensions\redhat.java-1.54.0-win32-x64\jre\21.0.10-win32-x86_64\bin\vcruntime140_1.dll
0x00007ff9fc6a0000 - 0x00007ff9fc72d000 	c:\Users\Admin\.cursor\extensions\redhat.java-1.54.0-win32-x64\jre\21.0.10-win32-x86_64\bin\msvcp140.dll
0x00007ff99d290000 - 0x00007ff99e031000 	c:\Users\Admin\.cursor\extensions\redhat.java-1.54.0-win32-x64\jre\21.0.10-win32-x86_64\bin\server\jvm.dll
0x00007ffa4d140000 - 0x00007ffa4d1f1000 	C:\WINDOWS\System32\ADVAPI32.dll
0x00007ffa4ce60000 - 0x00007ffa4cf08000 	C:\WINDOWS\System32\sechost.dll
0x00007ffa4b6e0000 - 0x00007ffa4b708000 	C:\WINDOWS\System32\bcrypt.dll
0x00007ffa4cd40000 - 0x00007ffa4ce58000 	C:\WINDOWS\System32\RPCRT4.dll
0x00007ffa4d290000 - 0x00007ffa4d301000 	C:\WINDOWS\System32\WS2_32.dll
0x00007ffa4a790000 - 0x00007ffa4a7dd000 	C:\WINDOWS\SYSTEM32\POWRPROF.dll
0x00007ffa44f40000 - 0x00007ffa44f74000 	C:\WINDOWS\SYSTEM32\WINMM.dll
0x00007ffa455e0000 - 0x00007ffa455ea000 	C:\WINDOWS\SYSTEM32\VERSION.dll
0x00007ffa4a770000 - 0x00007ffa4a783000 	C:\WINDOWS\SYSTEM32\UMPDC.dll
0x00007ffa49ea0000 - 0x00007ffa49eb8000 	C:\WINDOWS\SYSTEM32\kernel.appcore.dll
0x00007ffa3ac30000 - 0x00007ffa3ac3a000 	c:\Users\Admin\.cursor\extensions\redhat.java-1.54.0-win32-x64\jre\21.0.10-win32-x86_64\bin\jimage.dll
0x00007ffa488b0000 - 0x00007ffa48ae3000 	C:\WINDOWS\SYSTEM32\DBGHELP.DLL
0x00007ffa4be90000 - 0x00007ffa4c221000 	C:\WINDOWS\System32\combase.dll
0x00007ffa4cc50000 - 0x00007ffa4cd28000 	C:\WINDOWS\System32\OLEAUT32.dll
0x00007ffa392e0000 - 0x00007ffa39312000 	C:\WINDOWS\SYSTEM32\dbgcore.DLL
0x00007ffa4b830000 - 0x00007ffa4b8ab000 	C:\WINDOWS\System32\bcryptPrimitives.dll
0x00007ffa3a190000 - 0x00007ffa3a19f000 	c:\Users\Admin\.cursor\extensions\redhat.java-1.54.0-win32-x64\jre\21.0.10-win32-x86_64\bin\instrument.dll
0x00007ffa297a0000 - 0x00007ffa297c0000 	c:\Users\Admin\.cursor\extensions\redhat.java-1.54.0-win32-x64\jre\21.0.10-win32-x86_64\bin\java.dll
0x00007ffa4c3b0000 - 0x00007ffa4cc4c000 	C:\WINDOWS\System32\SHELL32.dll
0x00007ffa4b8b0000 - 0x00007ffa4b9ef000 	C:\WINDOWS\System32\wintypes.dll
0x00007ffa48db0000 - 0x00007ffa496ca000 	C:\WINDOWS\SYSTEM32\windows.storage.dll
0x00007ffa4d700000 - 0x00007ffa4d804000 	C:\WINDOWS\System32\SHCORE.dll
0x00007ffa4d0d0000 - 0x00007ffa4d139000 	C:\WINDOWS\System32\shlwapi.dll
0x00007ffa4ae30000 - 0x00007ffa4ae55000 	C:\WINDOWS\SYSTEM32\profapi.dll
0x00007ffa28970000 - 0x00007ffa28988000 	c:\Users\Admin\.cursor\extensions\redhat.java-1.54.0-win32-x64\jre\21.0.10-win32-x86_64\bin\zip.dll
0x00007ffa38cc0000 - 0x00007ffa38cd0000 	C:\Users\Admin\.cursor\extensions\redhat.java-1.54.0-win32-x64\jre\21.0.10-win32-x86_64\bin\net.dll
0x00007ffa45b10000 - 0x00007ffa45c3c000 	C:\WINDOWS\SYSTEM32\WINHTTP.dll
0x00007ffa4a360000 - 0x00007ffa4a3c9000 	C:\WINDOWS\system32\mswsock.dll
0x00007ffa38ca0000 - 0x00007ffa38cb6000 	C:\Users\Admin\.cursor\extensions\redhat.java-1.54.0-win32-x64\jre\21.0.10-win32-x86_64\bin\nio.dll
0x00007ffa38030000 - 0x00007ffa38040000 	c:\Users\Admin\.cursor\extensions\redhat.java-1.54.0-win32-x64\jre\21.0.10-win32-x86_64\bin\verify.dll
0x00007ffa205d0000 - 0x00007ffa20615000 	C:\Users\Admin\AppData\Roaming\Cursor\User\globalStorage\redhat.java\1.54.0\config_win\org.eclipse.equinox.launcher\org.eclipse.equinox.launcher.win32.win32.x86_64_1.3.0.v20260203-2149\eclipse_11919.dll
0x00007ffa4d550000 - 0x00007ffa4d6f1000 	C:\WINDOWS\System32\ole32.dll
0x00007ffa4a720000 - 0x00007ffa4a73b000 	C:\WINDOWS\SYSTEM32\CRYPTSP.dll
0x00007ffa49e00000 - 0x00007ffa49e37000 	C:\WINDOWS\system32\rsaenh.dll
0x00007ffa4a400000 - 0x00007ffa4a428000 	C:\WINDOWS\SYSTEM32\USERENV.dll
0x00007ffa4a690000 - 0x00007ffa4a69c000 	C:\WINDOWS\SYSTEM32\CRYPTBASE.dll
0x00007ffa49970000 - 0x00007ffa4999d000 	C:\WINDOWS\SYSTEM32\IPHLPAPI.DLL
0x00007ffa4cd30000 - 0x00007ffa4cd39000 	C:\WINDOWS\System32\NSI.dll
0x00007ffa20530000 - 0x00007ffa20579000 	C:\Users\Admin\AppData\Local\Temp\jna-63116079\jna11313382881950910440.dll
0x00007ffa4bdc0000 - 0x00007ffa4bdc8000 	C:\WINDOWS\System32\PSAPI.DLL
0x00007ffa45aa0000 - 0x00007ffa45ab9000 	C:\WINDOWS\SYSTEM32\dhcpcsvc6.DLL
0x00007ffa45a60000 - 0x00007ffa45a7f000 	C:\WINDOWS\SYSTEM32\dhcpcsvc.DLL
0x00007ffa49fb0000 - 0x00007ffa49fe4000 	C:\WINDOWS\SYSTEM32\ntmarta.dll

JVMTI agents:
c:\Users\Admin\.cursor\extensions\redhat.java-1.54.0-win32-x64\lombok\lombok-1.18.39-4050.jar path:c:\Users\Admin\.cursor\extensions\redhat.java-1.54.0-win32-x64\jre\21.0.10-win32-x86_64\bin\instrument.dll, loaded, initialized, instrumentlib options:none

dbghelp: loaded successfully - version: 4.0.5 - missing functions: none
symbol engine: initialized successfully - sym options: 0x614 - pdb path: .;c:\Users\Admin\.cursor\extensions\redhat.java-1.54.0-win32-x64\jre\21.0.10-win32-x86_64\bin;C:\WINDOWS\SYSTEM32;C:\WINDOWS\WinSxS\amd64_microsoft.windows.common-controls_6595b64144ccf1df_6.0.22621.6060_none_2712eda17382d24b;c:\Users\Admin\.cursor\extensions\redhat.java-1.54.0-win32-x64\jre\21.0.10-win32-x86_64\bin\server;C:\Users\Admin\AppData\Roaming\Cursor\User\globalStorage\redhat.java\1.54.0\config_win\org.eclipse.equinox.launcher\org.eclipse.equinox.launcher.win32.win32.x86_64_1.3.0.v20260203-2149;C:\Users\Admin\AppData\Local\Temp\jna-63116079

VM Arguments:
jvm_args: --add-modules=ALL-SYSTEM --add-opens=java.base/java.util=ALL-UNNAMED --add-opens=java.base/java.lang=ALL-UNNAMED --add-opens=java.base/sun.nio.fs=ALL-UNNAMED -Declipse.application=org.eclipse.jdt.ls.core.id1 -Dosgi.bundles.defaultStartLevel=4 -Declipse.product=org.eclipse.jdt.ls.core.product -Djava.import.generatesMetadataFilesAtProjectRoot=false -DDetectVMInstallationsJob.disabled=true -Dfile.encoding=utf8 -XX:+UseParallelGC -XX:GCTimeRatio=4 -XX:AdaptiveSizePolicyWeight=90 -Dsun.zip.disableMemoryMapping=true -Xmx2G -Xms100m -Xlog:disable -javaagent:c:\Users\Admin\.cursor\extensions\redhat.java-1.54.0-win32-x64\lombok\lombok-1.18.39-4050.jar -XX:+HeapDumpOnOutOfMemoryError -XX:HeapDumpPath=c:\Users\Admin\AppData\Roaming\Cursor\User\workspaceStorage\f3a11aece43b4f2e0ed419000b91abed\redhat.java -Daether.dependencyCollector.impl=bf 
java_command: c:\Users\Admin\.cursor\extensions\redhat.java-1.54.0-win32-x64\server\plugins\org.eclipse.equinox.launcher_1.7.100.v20251111-0406.jar -configuration c:\Users\Admin\AppData\Roaming\Cursor\User\globalStorage\redhat.java\1.54.0\config_win -data c:\Users\Admin\AppData\Roaming\Cursor\User\workspaceStorage\f3a11aece43b4f2e0ed419000b91abed\redhat.java\jdt_ws --pipe=\\.\pipe\lsp-b5f8a7a8f9540e1506387ebd5c4db74c-sock
java_class_path (initial): c:\Users\Admin\.cursor\extensions\redhat.java-1.54.0-win32-x64\server\plugins\org.eclipse.equinox.launcher_1.7.100.v20251111-0406.jar
Launcher Type: SUN_STANDARD

[Global flags]
    uintx AdaptiveSizePolicyWeight                 = 90                                        {product} {command line}
     intx CICompilerCount                          = 4                                         {product} {ergonomic}
    uintx GCTimeRatio                              = 4                                         {product} {command line}
     bool HeapDumpOnOutOfMemoryError               = true                                   {manageable} {command line}
    ccstr HeapDumpPath                             = c:\Users\Admin\AppData\Roaming\Cursor\User\workspaceStorage\f3a11aece43b4f2e0ed419000b91abed\redhat.java         {manageable} {command line}
   size_t InitialHeapSize                          = 104857600                                 {product} {command line}
   size_t MaxHeapSize                              = 2147483648                                {product} {command line}
   size_t MaxNewSize                               = 715653120                                 {product} {ergonomic}
   size_t MinHeapDeltaBytes                        = 524288                                    {product} {ergonomic}
   size_t MinHeapSize                              = 104857600                                 {product} {command line}
   size_t NewSize                                  = 34603008                                  {product} {ergonomic}
    uintx NonNMethodCodeHeapSize                   = 5839372                                {pd product} {ergonomic}
    uintx NonProfiledCodeHeapSize                  = 122909434                              {pd product} {ergonomic}
   size_t OldSize                                  = 70254592                                  {product} {ergonomic}
    uintx ProfiledCodeHeapSize                     = 122909434                              {pd product} {ergonomic}
    uintx ReservedCodeCacheSize                    = 251658240                              {pd product} {ergonomic}
     bool SegmentedCodeCache                       = true                                      {product} {ergonomic}
   size_t SoftMaxHeapSize                          = 2147483648                             {manageable} {ergonomic}
     bool UseCompressedOops                        = true                           {product lp64_product} {ergonomic}
     bool UseLargePagesIndividualAllocation        = false                                  {pd product} {ergonomic}
     bool UseParallelGC                            = true                                      {product} {command line}

Logging:
Log output configuration:
 #0: stdout all=off uptime,level,tags foldmultilines=false
 #1: stderr all=off uptime,level,tags foldmultilines=false

Release file:
JAVA_VERSION="21.0.10" 
MODULES="java.base java.compiler java.datatransfer java.xml java.prefs java.desktop java.instrument java.logging java.management java.security.sasl java.naming java.rmi java.management.rmi java.net.http java.scripting java.security.jgss java.transaction.xa java.sql java.sql.rowset java.xml.crypto java.se java.smartcardio jdk.accessibility jdk.internal.jvmstat jdk.attach jdk.charsets jdk.internal.opt jdk.zipfs jdk.compiler jdk.crypto.ec jdk.crypto.cryptoki jdk.crypto.mscapi jdk.dynalink jdk.internal.ed jdk.editpad jdk.hotspot.agent jdk.httpserver jdk.internal.le jdk.internal.vm.ci jdk.internal.vm.compiler jdk.internal.vm.compiler.management jdk.jartool jdk.javadoc jdk.jcmd jdk.management jdk.management.agent jdk.jconsole jdk.jdeps jdk.jdwp.agent jdk.jdi jdk.jfr jdk.jshell jdk.jsobject jdk.jstatd jdk.localedata jdk.management.jfr jdk.naming.dns jdk.naming.rmi jdk.net jdk.nio.mapmode jdk.random jdk.sctp jdk.security.auth jdk.security.jgss jdk.unsupported jdk.unsupported.desktop jdk.xml.dom" 

Environment Variables:
JAVA_HOME=C:\Program Files\Java\jdk-24
PATH=D:\Scripts\;D:\;C:\Program Files\Python311\Scripts\;C:\Program Files\Python311\;C:\Windows\system32;C:\Windows;C:\Windows\System32\Wbem;C:\Windows\System32\WindowsPowerShell\v1.0\;C:\Windows\System32\OpenSSH\;C:\Program Files (x86)\NVIDIA Corporation\PhysX\Common;C:\Program Files\NVIDIA Corporation\NVIDIA NvDLISR;C:\Program Files\dotnet\;C:\WINDOWS\system32;C:\WINDOWS;C:\WINDOWS\System32\Wbem;C:\WINDOWS\System32\WindowsPowerShell\v1.0\;C:\WINDOWS\System32\OpenSSH\;C:\Program Files\Git\cmd;C:\Program Files\nodejs\;C:\Program Files\Microsoft SQL Server\Client SDK\ODBC\170\Tools\Binn\;C:\Program Files (x86)\Microsoft SQL Server\150\Tools\Binn\;C:\Program Files\Microsoft SQL Server\150\Tools\Binn\;C:\Program Files\Microsoft SQL Server\150\DTS\Binn\;C:\Program Files (x86)\Microsoft SQL Server\160\DTS\Binn\;C:\Program Files\Java\jdk-24\BIN;C:\Program Files\apache-maven-3.9.9\BIN;C:\Program Files\JetBrains\IntelliJ IDEA 2025.1.1.1\bin;C:\Users\Admin\AppData\Local\Programs\oh-my-posh\bin\;C:\Program Files\Java\jdk1.8.0_202\bin;C:\Users\Admin\AppData\Local\Programs\Microsoft VS Code\bin;C:\Users\Admin\AppData\Local\GitHubDesktop\bin;C:\Users\Admin\AppData\Roaming\npm;C:\Users\Admin\AppData\Local\Programs\oh-my-posh\bin;C:\Users\Admin\AppData\Local\Programs\oh-my-posh\bin;C:\aliases;C:\Program Files\Docker\Docker\resources\bin;C:\Program Files\Cloudflare\Cloudflare WARP\;C:\Users\Admin\.knowns\bin;C:\Users\Admin\.knowns\bin;C:\Users\Admin\.local\bin;C:\Users\Admin\.local\bin;D:\Scripts\;D:\;C:\Program Files\Python311\Scripts\;C:\Program Files\Python311\;C:\Windows\system32;C:\Windows;C:\Windows\System32\Wbem;C:\Windows\System32\WindowsPowerShell\v1.0\;C:\Windows\System32\OpenSSH\;C:\Program Files (x86)\NVIDIA Corporation\PhysX\Common;C:\Program Files\NVIDIA Corporation\NVIDIA NvDLISR;C:\Program Files\dotnet\;C:\WINDOWS\system32;C:\WINDOWS;C:\WINDOWS\System32\Wbem;C:\WINDOWS\System32\WindowsPowerShell\v1.0\;C:\WINDOWS\System32\OpenSSH\;C:\Program Files\Git\cmd;C:\Program Files\nodejs\;C:\Program Files\Microsoft SQL Server\Client SDK\ODBC\170\Tools\Binn\;C:\Program Files (x86)\Microsoft SQL Server\150\Tools\Binn\;C:\Program Files\Microsoft SQL Server\150\Tools\Binn\;C:\Program Files\Microsoft SQL Server\150\DTS\Binn\;C:\Program Files (x86)\Microsoft SQL Server\160\DTS\Binn\;C:\Program Files\Java\jdk-24\BIN;C:\Program Files\apache-maven-3.9.9\BIN;C:\Program Files\JetBrains\IntelliJ IDEA 2025.1.1.1\bin;C:\Users\Admin\AppData\Local\Programs\oh-my-posh\bin\;C:\Program Files\Java\jdk1.8.0_202\bin;C:\Users\Admin\AppData\Local\Programs\Microsoft VS Code\bin;C:\Users\Admin\AppData\Local\GitHubDesktop\bin;C:\Users\Admin\AppData\Roaming\npm;C:\Users\Admin\AppData\Local\Programs\oh-my-posh\bin;C:\Users\Admin\AppData\Local\Programs\oh-my-posh\bin;C:\aliases;;C:\Program Files\Docker\Docker\resources\bin;C:\Program Files\Cloudflare\Cloudflare WARP\;C:\Users\Admin\scoop\shims;C:\Users\Admin\AppData\Local\Programs\oh-my-posh\bin\;C:\Program Files\Java\jdk1.8.0_202\bin;C:\Users\Admin\AppData\Local\Programs\Microsoft VS Code\bin;C:\Program Files\JetBrains\IntelliJ IDEA 2025.1.1.1\bin;;C:\Users\Admin\AppData\Local\GitHubDesktop\bin;C:\Users\Admin\AppData\Roaming\npm;C:\Users\Admin\AppData\Local\Programs\Antigravity\bin;C:\Users\Admin\AppData\Local\Programs\cursor\resources\app\bin
USERNAME=Admin
OS=Windows_NT
PROCESSOR_IDENTIFIER=Intel64 Family 6 Model 141 Stepping 1, GenuineIntel
TMP=C:\Users\Admin\AppData\Local\Temp
TEMP=C:\Users\Admin\AppData\Local\Temp




Periodic native trim disabled

---------------  S Y S T E M  ---------------

OS:
 Windows 11 , 64 bit Build 22621 (10.0.22621.5415)
OS uptime: 2 days 20:53 hours
Hyper-V role detected

CPU: total 12 (initial active 12) (6 cores per cpu, 2 threads per core) family 6 model 141 stepping 1 microcode 0x3c, cx8, cmov, fxsr, ht, mmx, 3dnowpref, sse, sse2, sse3, ssse3, sse4.1, sse4.2, popcnt, lzcnt, tsc, tscinvbit, avx, avx2, aes, erms, clmul, bmi1, bmi2, adx, avx512f, avx512dq, avx512cd, avx512bw, avx512vl, sha, fma, vzeroupper, avx512_vpopcntdq, avx512_vpclmulqdq, avx512_vaes, avx512_vnni, clflush, clflushopt, clwb, avx512_vbmi2, avx512_vbmi, hv, rdtscp, rdpid, fsrm, gfni, avx512_bitalg, f16c, cet_ibt, cet_ss, avx512_ifma
Processor Information for the first 12 processors :
  Max Mhz: 2688, Current Mhz: 2688, Mhz Limit: 2688

Memory: 4k page, system-wide physical 32547M (4854M free)
TotalPageFile size 43557M (AvailPageFile size 4M)
current process WorkingSet (physical memory assigned to process): 456M, peak: 1420M
current process commit charge ("private bytes"): 1663M, peak: 1664M

vm_info: OpenJDK 64-Bit Server VM (21.0.10+7-LTS) for windows-amd64 JRE (21.0.10+7-LTS), built on 2026-01-20T00:00:00Z by "admin" with MS VC++ 17.12 (VS2022)

END.
